<?xml version="1.0" encoding="UTF-8"?>
<!DOCTYPE mapper PUBLIC "-//mybatis.org//DTD Mapper 3.0//EN"
        "http://mybatis.org/dtd/mybatis-3-mapper.dtd">

<mapper namespace="com.spo.certificate._mapper.test.TestDataMapper">

    <insert id="save" parameterType="TestData">
        INSERT INTO spocerti_ver_2.test_data (user_code,exam_year,exam_type,total_score,test_result,exam_code)
        VALUES(#{userCode},#{examYear},#{examType},#{totalScore},#{testResult},#{examCode})
    </insert>

    <select id="findAll" resultType="TestData">
        SELECT * FROM spocerti_ver_2.test_data
    </select>
    <select id="getCode" resultType="int">
        SELECT LAST_INSERT_ID();
    </select>


</mapper>