<?xml version="1.0" encoding="UTF-8"?>
<!DOCTYPE mapper PUBLIC "-//mybatis.org//DTD Mapper 3.0//EN"
"http://mybatis.org/dtd/mybatis-3-mapper.dtd">

<mapper namespace="com.spo.certificate._mapper.test.TestDataDetailMapper">

    <insert id="save" parameterType="TestDataDetail">
        INSERT INTO spocerti_ver_2.test_data_detail (test_subject_data_code,question_no,submitted_answer,question_result)
        VALUES(#{testSubjectDataCode},#{questionNo},#{submittedAnswer},#{questionResult})
    </insert>

    <select id="findAll" resultType="TestDataDetail">
        SELECT * FROM spocerti_ver_2.test_data_detail
    </select>
    <select id="getCode" resultType="int">
        SELECT LAST_INSERT_ID();
    </select>



</mapper>